Determining if the pthread_create exist failed with the following output:
Change Dir: /home/yaozh16/VirtualBox VMs/shareCN/socket-rip/cmake-build-debug/CMakeFiles/CMakeTmp

Run Build Command:"/usr/bin/make" "cmTC_2d746/fast"
/usr/bin/make -f CMakeFiles/cmTC_2d746.dir/build.make CMakeFiles/cmTC_2d746.dir/build
make[1]: Entering directory '/home/yaozh16/VirtualBox VMs/shareCN/socket-rip/cmake-build-debug/CMakeFiles/CMakeTmp'
Building C object CMakeFiles/cmTC_2d746.dir/CheckSymbolExists.c.o
/usr/bin/cc     -o CMakeFiles/cmTC_2d746.dir/CheckSymbolExists.c.o   -c "/home/yaozh16/VirtualBox VMs/shareCN/socket-rip/cmake-build-debug/CMakeFiles/CMakeTmp/CheckSymbolExists.c"
Linking C executable cmTC_2d746
/usr/bin/cmake -E cmake_link_script CMakeFiles/cmTC_2d746.dir/link.txt --verbose=1
/usr/bin/cc       CMakeFiles/cmTC_2d746.dir/CheckSymbolExists.c.o  -o cmTC_2d746 -rdynamic 
CMakeFiles/cmTC_2d746.dir/CheckSymbolExists.c.o：在函数‘main’中：
CheckSymbolExists.c:(.text+0x16)：对‘pthread_create’未定义的引用
collect2: error: ld returned 1 exit status
CMakeFiles/cmTC_2d746.dir/build.make:97: recipe for target 'cmTC_2d746' failed
make[1]: *** [cmTC_2d746] Error 1
make[1]: Leaving directory '/home/yaozh16/VirtualBox VMs/shareCN/socket-rip/cmake-build-debug/CMakeFiles/CMakeTmp'
Makefile:126: recipe for target 'cmTC_2d746/fast' failed
make: *** [cmTC_2d746/fast] Error 2

File /home/yaozh16/VirtualBox VMs/shareCN/socket-rip/cmake-build-debug/CMakeFiles/CMakeTmp/CheckSymbolExists.c:
/* */
#include <pthread.h>

int main(int argc, char** argv)
{
  (void)argv;
#ifndef pthread_create
  return ((int*)(&pthread_create))[argc];
#else
  (void)argc;
  return 0;
#endif
}

Determining if the function pthread_create exists in the pthreads failed with the following output:
Change Dir: /home/yaozh16/VirtualBox VMs/shareCN/socket-rip/cmake-build-debug/CMakeFiles/CMakeTmp

Run Build Command:"/usr/bin/make" "cmTC_8083d/fast"
/usr/bin/make -f CMakeFiles/cmTC_8083d.dir/build.make CMakeFiles/cmTC_8083d.dir/build
make[1]: Entering directory '/home/yaozh16/VirtualBox VMs/shareCN/socket-rip/cmake-build-debug/CMakeFiles/CMakeTmp'
Building C object CMakeFiles/cmTC_8083d.dir/CheckFunctionExists.c.o
/usr/bin/cc    -DCHECK_FUNCTION_EXISTS=pthread_create   -o CMakeFiles/cmTC_8083d.dir/CheckFunctionExists.c.o   -c /usr/share/cmake-3.5/Modules/CheckFunctionExists.c
Linking C executable cmTC_8083d
/usr/bin/cmake -E cmake_link_script CMakeFiles/cmTC_8083d.dir/link.txt --verbose=1
/usr/bin/cc   -DCHECK_FUNCTION_EXISTS=pthread_create    CMakeFiles/cmTC_8083d.dir/CheckFunctionExists.c.o  -o cmTC_8083d -rdynamic -lpthreads 
/usr/bin/ld: 找不到 -lpthreads
collect2: error: ld returned 1 exit status
CMakeFiles/cmTC_8083d.dir/build.make:97: recipe for target 'cmTC_8083d' failed
make[1]: *** [cmTC_8083d] Error 1
make[1]: Leaving directory '/home/yaozh16/VirtualBox VMs/shareCN/socket-rip/cmake-build-debug/CMakeFiles/CMakeTmp'
Makefile:126: recipe for target 'cmTC_8083d/fast' failed
make: *** [cmTC_8083d/fast] Error 2


